<?xml version="1.0" encoding="UTF-8"?>
<!-- Generated by org.testng.reporters.JUnitXMLReporter -->
<testsuite ignored="1" hostname="Priyanka" failures="2" tests="19" name="Test" time="16.68" errors="0" timestamp="2026-05-03T16:17:38 IST">
  <testcase classname="com.TestNG.Basics1.Tc72_FirstTestCase" name="firefoxTest" time="5.112"/>
  <testcase classname="com.TestNG.Basics1.Tc72_FirstTestCase" name="chromeTest" time="3.342"/>
  <testcase classname="com.TestNG.Basics1.TC73_Priorityparameter" name="registerTest" time="0.003"/>
  <testcase classname="com.TestNG.Basics1.TC73_Priorityparameter" name="loginTest" time="0.006"/>
  <testcase classname="com.TestNG.Basics1.TC73_Priorityparameter" name="searchTest" time="0.007"/>
  <testcase classname="com.TestNG.Basics1.TC73_Priorityparameter" name="addToCartTest" time="0.004"/>
  <testcase classname="com.TestNG.Basics1.Tc76_ExcludeTestusingparameter" name="registerTest" time="0.003"/>
  <testcase classname="com.TestNG.Basics1.Tc76_ExcludeTestusingparameter" name="loginTest" time="0.003"/>
  <testcase classname="com.TestNG.Basics1.Tc76_ExcludeTestusingparameter" name="searchTest" time="0.002"/>
  <testcase classname="com.TestNG.Basics1.Tc75_TimeOutParameter" name="register" time="4.013"/>
  <testcase classname="com.TestNG.Basics1.Tc75_TimeOutParameter" name="login" time="3.018">
    <failure type="org.testng.internal.thread.ThreadTimeoutException" message="Method com.TestNG.Basics1.Tc75_TimeOutParameter.login() didn&amp;apos;t finish within the time-out 3000">
      <![CDATA[org.testng.internal.thread.ThreadTimeoutException: Method com.TestNG.Basics1.Tc75_TimeOutParameter.login() didn't finish within the time-out 3000
at java.base/java.lang.Thread.sleep0(Native Method)
at java.base/java.lang.Thread.sleep(Thread.java:509)
at com.TestNG.Basics1.Tc75_TimeOutParameter.login(Tc75_TimeOutParameter.java:17)
at java.base/java.util.concurrent.FutureTask.run(FutureTask.java:317)
at java.base/java.util.concurrent.ThreadPoolExecutor.runWorker(ThreadPoolExecutor.java:1144)
at java.base/java.util.concurrent.ThreadPoolExecutor$Worker.run(ThreadPoolExecutor.java:642)
at java.base/java.lang.Thread.run(Thread.java:1583)
... Removed 6 stack frames]]>
    </failure>
  </testcase> <!-- login -->
  <testcase classname="com.TestNG.Basics1.Tc74_InvocationCount" name="registerTest" time="0.001"/>
  <testcase classname="com.TestNG.Basics1.Tc74_InvocationCount" name="loginTest" time="0.005"/>
  <testcase classname="com.TestNG.Basics1.Tc74_InvocationCount" name="loginTest" time="0.004"/>
  <testcase classname="com.TestNG.Basics1.Tc74_InvocationCount" name="loginTest" time="0.004"/>
  <testcase classname="com.TestNG.Basics1.Tc74_InvocationCount" name="logoutTest" time="0.003"/>
  <testcase classname="com.TestNG.Basics1.Tc77_Dependency" name="startBrowser" time="0.003"/>
  <testcase classname="com.TestNG.Basics1.Tc77_Dependency" name="openApplication" time="1.006">
    <failure type="org.testng.internal.thread.ThreadTimeoutException" message="Method com.TestNG.Basics1.Tc77_Dependency.openApplication() didn&amp;apos;t finish within the time-out 1000">
      <![CDATA[org.testng.internal.thread.ThreadTimeoutException: Method com.TestNG.Basics1.Tc77_Dependency.openApplication() didn't finish within the time-out 1000
at java.base/java.lang.Thread.sleep0(Native Method)
at java.base/java.lang.Thread.sleep(Thread.java:509)
at com.TestNG.Basics1.Tc77_Dependency.openApplication(Tc77_Dependency.java:20)
at java.base/java.util.concurrent.FutureTask.run(FutureTask.java:317)
at java.base/java.util.concurrent.ThreadPoolExecutor.runWorker(ThreadPoolExecutor.java:1144)
at java.base/java.util.concurrent.ThreadPoolExecutor$Worker.run(ThreadPoolExecutor.java:642)
at java.base/java.lang.Thread.run(Thread.java:1583)
... Removed 6 stack frames]]>
    </failure>
  </testcase> <!-- openApplication -->
  <testcase classname="com.TestNG.Basics1.Tc77_Dependency" name="findElement" time="0.0">
    <skipped/>
  </testcase> <!-- findElement -->
  <testcase classname="com.TestNG.Basics1.Tc76_ExcludeTestusingparameter" name="addToCartTest" time="0.0">
    <ignored/>
  </testcase> <!-- addToCartTest -->
</testsuite> <!-- Test -->
