<?xml version="1.0" encoding="UTF-8"?>
<testng-results ignored="0" total="1" passed="1" failed="0" skipped="0">
  <reporter-output>
  </reporter-output>
  <suite started-at="2026-04-11T16:42:07 IST" name="Default suite" finished-at="2026-04-11T16:42:16 IST" duration-ms="9380">
    <groups>
    </groups>
    <test started-at="2026-04-11T16:42:07 IST" name="Default test" finished-at="2026-04-11T16:42:16 IST" duration-ms="9380">
      <class name="com.WebDriverBasics.JavascriptExecutor_4.Tc44_HiddenElementAutomation">
        <test-method signature="testHiddenElement()[pri:0, instance:com.WebDriverBasics.JavascriptExecutor_4.Tc44_HiddenElementAutomation@4135c3b]" started-at="2026-04-11T16:42:07 IST" name="testHiddenElement" finished-at="2026-04-11T16:42:16 IST" duration-ms="9333" status="PASS">
          <reporter-output>
          </reporter-output>
        </test-method> <!-- testHiddenElement -->
      </class> <!-- com.WebDriverBasics.JavascriptExecutor_4.Tc44_HiddenElementAutomation -->
    </test> <!-- Default test -->
  </suite> <!-- Default suite -->
</testng-results>
