<?xml version="1.0" encoding="UTF-8"?>
<!-- Generated by org.testng.reporters.JUnitReportReporter -->
<testsuite hostname="Priyanka" failures="0" tests="4" name="com.TestNG.Basics1.TC73_Priorityparameter" time="0.020" errors="0" timestamp="2026-05-03T16:17:38 IST" skipped="0">
  <testcase classname="com.TestNG.Basics1.TC73_Priorityparameter" name="registerTest" time="0.003"/>
  <testcase classname="com.TestNG.Basics1.TC73_Priorityparameter" name="loginTest" time="0.006"/>
  <testcase classname="com.TestNG.Basics1.TC73_Priorityparameter" name="searchTest" time="0.007"/>
  <testcase classname="com.TestNG.Basics1.TC73_Priorityparameter" name="addToCartTest" time="0.004"/>
</testsuite> <!-- com.TestNG.Basics1.TC73_Priorityparameter -->
