<?xml version="1.0" encoding="UTF-8"?>
<!-- Generated by org.testng.reporters.JUnitReportReporter -->
<testsuite hostname="Priyanka" failures="0" tests="1" name="com.WebDriverBasics.Alerts_FrameAutomation6.Tc50_AlertDemo2_Types" time="11.586" errors="0" timestamp="2026-04-19T15:13:29 IST" skipped="0">
  <testcase classname="com.WebDriverBasics.Alerts_FrameAutomation6.Tc50_AlertDemo2_Types" name="automateAllAlerts" time="11.586"/>
</testsuite> <!-- com.WebDriverBasics.Alerts_FrameAutomation6.Tc50_AlertDemo2_Types -->
