<?xml version="1.0" encoding="UTF-8"?>
<!-- Generated by org.testng.reporters.JUnitReportReporter -->
<testsuite hostname="Priyanka" failures="0" tests="1" name="com.WebDriverBasics.Capabilities_2.Tc33_IncognitoWindow" time="2.561" errors="0" timestamp="2026-04-04T15:18:56 IST" skipped="0">
  <testcase classname="com.WebDriverBasics.Capabilities_2.Tc33_IncognitoWindow" name="launchIncognitoBrowserWindow" time="2.561"/>
</testsuite> <!-- com.WebDriverBasics.Capabilities_2.Tc33_IncognitoWindow -->
