<?xml version="1.0" encoding="UTF-8"?>
<!-- Generated by org.testng.reporters.JUnitReportReporter -->
<testsuite hostname="Priyanka" failures="0" tests="1" name="com.WebDriverBasics.ActionsClass7.Tc60_ResizableAutomation" time="4.472" errors="0" timestamp="2026-04-25T16:14:48 IST" skipped="0">
  <testcase classname="com.WebDriverBasics.ActionsClass7.Tc60_ResizableAutomation" name="testResizeOfElement" time="4.472"/>
</testsuite> <!-- com.WebDriverBasics.ActionsClass7.Tc60_ResizableAutomation -->
