<?xml version="1.0" encoding="UTF-8"?>
<!-- Generated by org.testng.reporters.JUnitReportReporter -->
<testsuite hostname="Priyanka" failures="0" tests="1" name="com.WebDriverBasics.SpecialScenarios_8.Tc62_FileUploadUsingRobotClass" time="15.342" errors="0" timestamp="2026-04-26T15:27:41 IST" skipped="0">
  <testcase classname="com.WebDriverBasics.SpecialScenarios_8.Tc62_FileUploadUsingRobotClass" name="testFileUpload" time="15.342"/>
</testsuite> <!-- com.WebDriverBasics.SpecialScenarios_8.Tc62_FileUploadUsingRobotClass -->
