<?xml version="1.0" encoding="UTF-8"?>
<!-- Generated by org.testng.reporters.JUnitReportReporter -->
<testsuite hostname="Priyanka" failures="0" tests="1" name="com.WebDriverBasics.SpecialScenarios_8.Tc66_ShadowDomElement" time="10.971" errors="0" timestamp="2026-05-02T15:14:35 IST" skipped="0">
  <testcase classname="com.WebDriverBasics.SpecialScenarios_8.Tc66_ShadowDomElement" name="testShadowDomElement" time="10.971"/>
</testsuite> <!-- com.WebDriverBasics.SpecialScenarios_8.Tc66_ShadowDomElement -->
