<?xml version="1.0" encoding="UTF-8"?>
<!-- Generated by org.testng.reporters.JUnitReportReporter -->
<testsuite hostname="Priyanka" failures="0" tests="1" name="com.WebDriverBasics.Dropdown.Tc27_AmazonDropdownUsingUtility" time="5.631" errors="0" timestamp="2026-03-29T14:49:12 IST" skipped="0">
  <testcase classname="com.WebDriverBasics.Dropdown.Tc27_AmazonDropdownUsingUtility" name="testDropdown" time="5.631"/>
</testsuite> <!-- com.WebDriverBasics.Dropdown.Tc27_AmazonDropdownUsingUtility -->
