<?xml version="1.0" encoding="UTF-8"?>
<!-- Generated by org.testng.reporters.JUnitReportReporter -->
<testsuite hostname="Priyanka" failures="0" tests="1" name="com.WebDriverBasics.DatePicker_WebTableAutomation_3.Tc37_DatePickerAutomationPractice" time="16.924" errors="0" timestamp="2026-04-04T16:33:12 IST" skipped="0">
  <testcase classname="com.WebDriverBasics.DatePicker_WebTableAutomation_3.Tc37_DatePickerAutomationPractice" name="testDatePicker" time="16.924"/>
</testsuite> <!-- com.WebDriverBasics.DatePicker_WebTableAutomation_3.Tc37_DatePickerAutomationPractice -->
