<?xml version="1.0" encoding="UTF-8"?>
<!-- Generated by org.testng.reporters.JUnitReportReporter -->
<testsuite hostname="Priyanka" failures="0" tests="1" name="com.WebDriverBasics.JavascriptExecutor_4.Tc44_HiddenElementAutomation" time="9.333" errors="0" timestamp="2026-04-11T16:42:16 IST" skipped="0">
  <testcase classname="com.WebDriverBasics.JavascriptExecutor_4.Tc44_HiddenElementAutomation" name="testHiddenElement" time="9.333"/>
</testsuite> <!-- com.WebDriverBasics.JavascriptExecutor_4.Tc44_HiddenElementAutomation -->
