<?xml version="1.0" encoding="UTF-8"?>
<!-- Generated by org.testng.reporters.JUnitReportReporter -->
<testsuite hostname="Priyanka" failures="0" tests="3" name="com.TestNG.Basics1.Tc77_Dependency" time="1.009" errors="1" timestamp="2026-05-03T16:17:38 IST" skipped="1">
  <testcase classname="com.TestNG.Basics1.Tc77_Dependency" name="startBrowser" time="0.003"/>
  <testcase classname="com.TestNG.Basics1.Tc77_Dependency" name="openApplication" time="1.006">
    <error message="Method com.TestNG.Basics1.Tc77_Dependency.openApplication() didn&#039;t finish within the time-out 1000" type="org.testng.internal.thread.ThreadTimeoutException">
      <![CDATA[org.testng.internal.thread.ThreadTimeoutException: Method com.TestNG.Basics1.Tc77_Dependency.openApplication() didn't finish within the time-out 1000
at java.base/java.lang.Thread.sleep0(Native Method)
at java.base/java.lang.Thread.sleep(Thread.java:509)
at com.TestNG.Basics1.Tc77_Dependency.openApplication(Tc77_Dependency.java:20)
at java.base/jdk.internal.reflect.DirectMethodHandleAccessor.invoke(DirectMethodHandleAccessor.java:103)
at java.base/java.lang.reflect.Method.invoke(Method.java:580)
at org.testng.internal.invokers.MethodInvocationHelper.invokeMethod(MethodInvocationHelper.java:141)
at org.testng.internal.invokers.InvokeMethodRunnable.runOne(InvokeMethodRunnable.java:47)
at org.testng.internal.invokers.InvokeMethodRunnable.call(InvokeMethodRunnable.java:76)
at org.testng.internal.invokers.InvokeMethodRunnable.call(InvokeMethodRunnable.java:11)
at java.base/java.util.concurrent.FutureTask.run(FutureTask.java:317)
at java.base/java.util.concurrent.ThreadPoolExecutor.runWorker(ThreadPoolExecutor.java:1144)
at java.base/java.util.concurrent.ThreadPoolExecutor$Worker.run(ThreadPoolExecutor.java:642)
at java.base/java.lang.Thread.run(Thread.java:1583)
]]>
    </error>
  </testcase> <!-- openApplication -->
  <testcase classname="com.TestNG.Basics1.Tc77_Dependency" name="findElement" time="0.000">
    <skipped/>
  </testcase> <!-- findElement -->
</testsuite> <!-- com.TestNG.Basics1.Tc77_Dependency -->
