<?xml version="1.0" encoding="UTF-8"?>
<!-- Generated by org.testng.reporters.JUnitReportReporter -->
<testsuite hostname="Priyanka" failures="0" tests="1" name="com.WebDriverBasics.Dropdown.Tc31_GoibiboDropdownAutomation" time="3.960" errors="0" timestamp="2026-03-29T16:52:07 IST" skipped="0">
  <testcase classname="com.WebDriverBasics.Dropdown.Tc31_GoibiboDropdownAutomation" name="autosuggetionDropdownAutomation" time="3.960"/>
</testsuite> <!-- com.WebDriverBasics.Dropdown.Tc31_GoibiboDropdownAutomation -->
