<?xml version="1.0" encoding="UTF-8"?>
<!-- Generated by org.testng.reporters.JUnitReportReporter -->
<testsuite hostname="Priyanka" failures="0" tests="2" name="com.WebDriverBasics.Dropdown.Tc24_TestNGClassIntro" time="2.941" errors="0" timestamp="2026-03-22T15:32:25 IST" skipped="0">
  <testcase classname="com.WebDriverBasics.Dropdown.Tc24_TestNGClassIntro" name="testcase2" time="2.932"/>
  <testcase classname="com.WebDriverBasics.Dropdown.Tc24_TestNGClassIntro" name="testcase1" time="0.009"/>
</testsuite> <!-- com.WebDriverBasics.Dropdown.Tc24_TestNGClassIntro -->
