<?xml version="1.0" encoding="UTF-8"?>
<!-- Generated by org.testng.reporters.JUnitReportReporter -->
<testsuite hostname="Priyanka" failures="0" tests="1" name="com.WebDriverBasics.Dropdown.Tc26_SelectBasedDropdown_Rediffmail" time="4.255" errors="0" timestamp="2026-03-22T16:28:30 IST" skipped="0">
  <testcase classname="com.WebDriverBasics.Dropdown.Tc26_SelectBasedDropdown_Rediffmail" name="testDropdown" time="4.255"/>
</testsuite> <!-- com.WebDriverBasics.Dropdown.Tc26_SelectBasedDropdown_Rediffmail -->
