<?xml version="1.0" encoding="UTF-8"?>
<!-- Generated by org.testng.reporters.JUnitReportReporter -->
<testsuite hostname="Priyanka" failures="0" tests="1" name="com.WebDriverBasics.Alerts_FrameAutomation6.Tc52_FrameAutomationDemo1" time="7.277" errors="0" timestamp="2026-04-19T15:38:42 IST" skipped="0">
  <testcase classname="com.WebDriverBasics.Alerts_FrameAutomation6.Tc52_FrameAutomationDemo1" name="testIFrame" time="7.277"/>
</testsuite> <!-- com.WebDriverBasics.Alerts_FrameAutomation6.Tc52_FrameAutomationDemo1 -->
