<?xml version="1.0" encoding="UTF-8"?>
<!-- Generated by org.testng.reporters.JUnitReportReporter -->
<testsuite hostname="Priyanka" failures="0" tests="1" name="com.WebDriverBasics.Dropdown.Tc30_REdBusDropdownAutomation" time="5.255" errors="0" timestamp="2026-03-29T16:18:53 IST" skipped="0">
  <testcase classname="com.WebDriverBasics.Dropdown.Tc30_REdBusDropdownAutomation" name="autosuggetionDropdown" time="5.255"/>
</testsuite> <!-- com.WebDriverBasics.Dropdown.Tc30_REdBusDropdownAutomation -->
