<?xml version="1.0" encoding="UTF-8"?>
<!-- Generated by org.testng.reporters.JUnitReportReporter -->
<testsuite hostname="Priyanka" failures="0" tests="1" name="com.WebDriverBasics.Capabilities_2.Tc32_MaximizeBrowserSession" time="1.836" errors="0" timestamp="2026-04-04T15:13:52 IST" skipped="0">
  <testcase classname="com.WebDriverBasics.Capabilities_2.Tc32_MaximizeBrowserSession" name="testMaximize" time="1.836"/>
</testsuite> <!-- com.WebDriverBasics.Capabilities_2.Tc32_MaximizeBrowserSession -->
