<?xml version="1.0" encoding="UTF-8"?>
<!-- Generated by org.testng.reporters.JUnitReportReporter -->
<testsuite hostname="Priyanka" failures="0" tests="1" name="com.WebDriverBasics.JavascriptExecutor_4.Tc43_JavascriptExecuterScenarios" time="5.925" errors="0" timestamp="2026-04-11T16:34:02 IST" skipped="0">
  <testcase classname="com.WebDriverBasics.JavascriptExecutor_4.Tc43_JavascriptExecuterScenarios" name="testScenarios" time="5.925"/>
</testsuite> <!-- com.WebDriverBasics.JavascriptExecutor_4.Tc43_JavascriptExecuterScenarios -->
