<?xml version="1.0" encoding="UTF-8"?>
<!-- Generated by org.testng.reporters.JUnitReportReporter -->
<testsuite hostname="Priyanka" failures="0" tests="1" name="com.WebDriverBasics.Dropdown.Tc29_MultipleSelectionDropdown" time="4.635" errors="0" timestamp="2026-03-29T15:21:04 IST" skipped="0">
  <testcase classname="com.WebDriverBasics.Dropdown.Tc29_MultipleSelectionDropdown" name="testMultipleSelectionForBootstrap" time="4.635"/>
</testsuite> <!-- com.WebDriverBasics.Dropdown.Tc29_MultipleSelectionDropdown -->
