<?xml version="1.0" encoding="UTF-8"?>
<!-- Generated by org.testng.reporters.JUnitReportReporter -->
<testsuite hostname="Priyanka" failures="0" tests="5" name="com.TestNG.Basics1.Tc74_InvocationCount" time="0.017" errors="0" timestamp="2026-05-03T16:17:38 IST" skipped="0">
  <testcase classname="com.TestNG.Basics1.Tc74_InvocationCount" name="registerTest" time="0.001"/>
  <testcase classname="com.TestNG.Basics1.Tc74_InvocationCount" name="loginTest" time="0.004"/>
  <testcase classname="com.TestNG.Basics1.Tc74_InvocationCount" name="loginTest" time="0.004"/>
  <testcase classname="com.TestNG.Basics1.Tc74_InvocationCount" name="loginTest" time="0.005"/>
  <testcase classname="com.TestNG.Basics1.Tc74_InvocationCount" name="logoutTest" time="0.003"/>
</testsuite> <!-- com.TestNG.Basics1.Tc74_InvocationCount -->
