<?xml version="1.0" encoding="UTF-8"?>
<!-- Generated by org.testng.reporters.JUnitReportReporter -->
<testsuite hostname="Priyanka" failures="0" tests="1" name="com.WebDriverBasics.SpecialScenarios_8.Tc67_BrokenLinkAutomation" time="29.240" errors="0" timestamp="2026-05-02T15:55:58 IST" skipped="0">
  <testcase classname="com.WebDriverBasics.SpecialScenarios_8.Tc67_BrokenLinkAutomation" name="testBrokenLink" time="29.240"/>
</testsuite> <!-- com.WebDriverBasics.SpecialScenarios_8.Tc67_BrokenLinkAutomation -->
