<?xml version="1.0" encoding="UTF-8"?>
<!-- Generated by org.testng.reporters.JUnitReportReporter -->
<testsuite hostname="Priyanka" failures="0" tests="1" name="com.WebDriverBasics.WaitsInSelenium9.Tc69_ExplicitWaitUsingWebDriverWaitDemo1" time="3.529" errors="0" timestamp="2026-05-03T14:46:30 IST" skipped="0">
  <testcase classname="com.WebDriverBasics.WaitsInSelenium9.Tc69_ExplicitWaitUsingWebDriverWaitDemo1" name="testWait" time="3.529"/>
</testsuite> <!-- com.WebDriverBasics.WaitsInSelenium9.Tc69_ExplicitWaitUsingWebDriverWaitDemo1 -->
