<?xml version="1.0" encoding="UTF-8"?>
<!-- Generated by org.testng.reporters.JUnitReportReporter -->
<testsuite hostname="Priyanka" failures="0" tests="2" name="com.TestNG.Basics1.Tc72_FirstTestCase" time="8.454" errors="0" timestamp="2026-05-03T16:17:38 IST" skipped="0">
  <testcase classname="com.TestNG.Basics1.Tc72_FirstTestCase" name="firefoxTest" time="5.112"/>
  <testcase classname="com.TestNG.Basics1.Tc72_FirstTestCase" name="chromeTest" time="3.342"/>
</testsuite> <!-- com.TestNG.Basics1.Tc72_FirstTestCase -->
