<?xml version="1.0" encoding="UTF-8"?>
<!-- Generated by org.testng.reporters.JUnitReportReporter -->
<testsuite hostname="Priyanka" failures="0" tests="1" name="com.WebDriverBasics.Alerts_FrameAutomation6.Tc51_AuthenticationPopup" time="5.484" errors="0" timestamp="2026-04-19T15:21:38 IST" skipped="0">
  <testcase classname="com.WebDriverBasics.Alerts_FrameAutomation6.Tc51_AuthenticationPopup" name="testAuthPopup" time="5.484"/>
</testsuite> <!-- com.WebDriverBasics.Alerts_FrameAutomation6.Tc51_AuthenticationPopup -->
