<?xml version="1.0" encoding="UTF-8"?>
<!-- Generated by org.testng.reporters.JUnitReportReporter -->
<testsuite hostname="Priyanka" failures="0" tests="1" name="com.WebDriverBasics.SpecialScenarios_8.Tc63_MultipleFilesUpload" time="6.745" errors="0" timestamp="2026-04-26T15:34:45 IST" skipped="0">
  <testcase classname="com.WebDriverBasics.SpecialScenarios_8.Tc63_MultipleFilesUpload" name="testMultipleFiles" time="6.745"/>
</testsuite> <!-- com.WebDriverBasics.SpecialScenarios_8.Tc63_MultipleFilesUpload -->
