<?xml version="1.0" encoding="UTF-8"?>
<!-- Generated by org.testng.reporters.JUnitReportReporter -->
<testsuite hostname="Priyanka" failures="0" tests="1" name="com.WebDriverBasics.SpecialScenarios_8.Tc65_SVGElementAutomation" time="5.669" errors="0" timestamp="2026-04-26T15:55:49 IST" skipped="0">
  <testcase classname="com.WebDriverBasics.SpecialScenarios_8.Tc65_SVGElementAutomation" name="testSVG" time="5.669"/>
</testsuite> <!-- com.WebDriverBasics.SpecialScenarios_8.Tc65_SVGElementAutomation -->
