<?xml version="1.0" encoding="UTF-8"?>
<!-- Generated by org.testng.reporters.JUnitReportReporter -->
<testsuite hostname="Priyanka" failures="0" tests="1" name="com.WebDriverBasics.Dropdown.Tc28_DemoQaNonSelectBasedDropdown" time="4.425" errors="0" timestamp="2026-03-29T15:10:26 IST" skipped="0">
  <testcase classname="com.WebDriverBasics.Dropdown.Tc28_DemoQaNonSelectBasedDropdown" name="bootstrapdropdown" time="4.425"/>
</testsuite> <!-- com.WebDriverBasics.Dropdown.Tc28_DemoQaNonSelectBasedDropdown -->
