<?xml version="1.0" encoding="UTF-8"?>
<!-- Generated by org.testng.reporters.JUnitReportReporter -->
<testsuite hostname="Priyanka" failures="0" tests="1" name="com.WebDriverBasics.SpecialScenarios_8.Tc61_SingleFileUploadUsingSendKeys" time="5.845" errors="0" timestamp="2026-04-25T16:34:36 IST" skipped="0">
  <testcase classname="com.WebDriverBasics.SpecialScenarios_8.Tc61_SingleFileUploadUsingSendKeys" name="fileUpload" time="5.845"/>
</testsuite> <!-- com.WebDriverBasics.SpecialScenarios_8.Tc61_SingleFileUploadUsingSendKeys -->
