<?xml version="1.0" encoding="UTF-8"?>
<!-- Generated by org.testng.reporters.JUnitReportReporter -->
<testsuite hostname="Priyanka" failures="0" tests="1" name="com.WebDriverBasics.windowhandling5.Tc47_MultipleWindowsWithUtility" time="7.310" errors="0" timestamp="2026-04-18T16:03:25 IST" skipped="0">
  <testcase classname="com.WebDriverBasics.windowhandling5.Tc47_MultipleWindowsWithUtility" name="testUtility" time="7.310"/>
</testsuite> <!-- com.WebDriverBasics.windowhandling5.Tc47_MultipleWindowsWithUtility -->
