<?xml version="1.0" encoding="UTF-8"?>
<!-- Generated by org.testng.reporters.JUnitReportReporter -->
<testsuite hostname="Priyanka" failures="0" tests="1" name="com.WebDriverBasics.WaitsInSelenium9.Tc71_ExplicitWaitUsing_FluentWait" time="10.857" errors="0" timestamp="2026-05-03T15:04:08 IST" skipped="0">
  <testcase classname="com.WebDriverBasics.WaitsInSelenium9.Tc71_ExplicitWaitUsing_FluentWait" name="testWait" time="10.857"/>
</testsuite> <!-- com.WebDriverBasics.WaitsInSelenium9.Tc71_ExplicitWaitUsing_FluentWait -->
