<?xml version="1.0" encoding="UTF-8"?>
<!-- Generated by org.testng.reporters.JUnitReportReporter -->
<testsuite hostname="Priyanka" failures="0" tests="1" name="com.WebDriverBasics.Alerts_FrameAutomation6.Tc53_FrameWithNestedFrames" time="7.141" errors="0" timestamp="2026-04-19T16:03:05 IST" skipped="0">
  <testcase classname="com.WebDriverBasics.Alerts_FrameAutomation6.Tc53_FrameWithNestedFrames" name="testFrames" time="7.141"/>
</testsuite> <!-- com.WebDriverBasics.Alerts_FrameAutomation6.Tc53_FrameWithNestedFrames -->
