<?xml version="1.0" encoding="UTF-8"?>
<!-- Generated by org.testng.reporters.JUnitReportReporter -->
<testsuite hostname="Priyanka" failures="0" tests="1" name="com.WebDriverBasics.DatePicker_WebTableAutomation_3.Tc38_DatePickerAutomationSimple" time="6.451" errors="0" timestamp="2026-04-05T15:10:08 IST" skipped="0">
  <testcase classname="com.WebDriverBasics.DatePicker_WebTableAutomation_3.Tc38_DatePickerAutomationSimple" name="testDatePicker" time="6.451"/>
</testsuite> <!-- com.WebDriverBasics.DatePicker_WebTableAutomation_3.Tc38_DatePickerAutomationSimple -->
