<?xml version="1.0" encoding="UTF-8"?>
<!-- Generated by org.testng.reporters.JUnitReportReporter -->
<testsuite hostname="Priyanka" failures="0" tests="1" name="com.WebDriverBasics.DatePicker_WebTableAutomation_3.Tc40_DynamicWebTable" time="6.954" errors="0" timestamp="2026-04-11T15:47:05 IST" skipped="0">
  <testcase classname="com.WebDriverBasics.DatePicker_WebTableAutomation_3.Tc40_DynamicWebTable" name="testDynamicTable" time="6.954"/>
</testsuite> <!-- com.WebDriverBasics.DatePicker_WebTableAutomation_3.Tc40_DynamicWebTable -->
