<?xml version="1.0" encoding="UTF-8"?>
<!-- Generated by org.testng.reporters.JUnitReportReporter -->
<testsuite hostname="Priyanka" failures="0" tests="1" name="com.WebDriverBasics.WaitsInSelenium9.Tc68_DefaultWaitsInSelenium" time="1.342" errors="0" timestamp="2026-05-02T16:01:46 IST" skipped="0">
  <testcase classname="com.WebDriverBasics.WaitsInSelenium9.Tc68_DefaultWaitsInSelenium" name="f" time="1.342"/>
</testsuite> <!-- com.WebDriverBasics.WaitsInSelenium9.Tc68_DefaultWaitsInSelenium -->
