<?xml version="1.0" encoding="UTF-8"?>
<!-- Generated by org.testng.reporters.JUnitReportReporter -->
<testsuite hostname="Priyanka" failures="0" tests="1" name="com.WebDriverBasics.Dropdown.Tc25_SelectBasedDropdown_Amazon" time="6.772" errors="0" timestamp="2026-03-22T16:07:19 IST" skipped="0">
  <testcase classname="com.WebDriverBasics.Dropdown.Tc25_SelectBasedDropdown_Amazon" name="testDropdown" time="6.772"/>
</testsuite> <!-- com.WebDriverBasics.Dropdown.Tc25_SelectBasedDropdown_Amazon -->
