<?xml version="1.0" encoding="UTF-8"?>
<!-- Generated by org.testng.reporters.JUnitReportReporter -->
<testsuite hostname="Priyanka" failures="0" tests="1" name="com.WebDriverBasics.WaitsInSelenium9.Tc70_ExplicitWaitDemo2UsingWebDriverWait" time="13.659" errors="0" timestamp="2026-05-03T14:56:46 IST" skipped="0">
  <testcase classname="com.WebDriverBasics.WaitsInSelenium9.Tc70_ExplicitWaitDemo2UsingWebDriverWait" name="testWait" time="13.659"/>
</testsuite> <!-- com.WebDriverBasics.WaitsInSelenium9.Tc70_ExplicitWaitDemo2UsingWebDriverWait -->
