<?xml version="1.0" encoding="UTF-8"?>
<!-- Generated by org.testng.reporters.JUnitReportReporter -->
<testsuite hostname="Priyanka" failures="0" tests="1" name="com.WebDriverBasics.DatePicker_WebTableAutomation_3.Tc36_CalendarAutomation_RedBus" time="3.365" errors="0" timestamp="2026-04-04T16:23:10 IST" skipped="0">
  <testcase classname="com.WebDriverBasics.DatePicker_WebTableAutomation_3.Tc36_CalendarAutomation_RedBus" name="automateCalendar" time="3.365"/>
</testsuite> <!-- com.WebDriverBasics.DatePicker_WebTableAutomation_3.Tc36_CalendarAutomation_RedBus -->
