<?xml version="1.0" encoding="UTF-8"?>
<!-- Generated by org.testng.reporters.JUnitReportReporter -->
<testsuite hostname="Priyanka" failures="0" tests="1" name="com.WebDriverBasics.DatePicker_WebTableAutomation_3.Tc39_StaticWebTableAutomation" time="7.096" errors="0" timestamp="2026-04-11T14:47:01 IST" skipped="0">
  <testcase classname="com.WebDriverBasics.DatePicker_WebTableAutomation_3.Tc39_StaticWebTableAutomation" name="testTable" time="7.096"/>
</testsuite> <!-- com.WebDriverBasics.DatePicker_WebTableAutomation_3.Tc39_StaticWebTableAutomation -->
