<?xml version="1.0" encoding="UTF-8"?>
<!-- Generated by org.testng.reporters.JUnitReportReporter -->
<testsuite hostname="Priyanka" failures="0" tests="1" name="com.WebDriverBasics.SpecialScenarios_8.Tc64_FileDownloadScenario" time="28.514" errors="0" timestamp="2026-04-26T15:44:23 IST" skipped="0">
  <testcase classname="com.WebDriverBasics.SpecialScenarios_8.Tc64_FileDownloadScenario" name="testFileDownload" time="28.514"/>
</testsuite> <!-- com.WebDriverBasics.SpecialScenarios_8.Tc64_FileDownloadScenario -->
