<?xml version="1.0" encoding="UTF-8"?>
<!-- Generated by org.testng.reporters.JUnitReportReporter -->
<testsuite hostname="Priyanka" failures="0" tests="1" name="com.WebDriverBasics.Capabilities_2.Tc34_DisableNotifications" time="1.445" errors="0" timestamp="2026-04-04T15:29:15 IST" skipped="0">
  <testcase classname="com.WebDriverBasics.Capabilities_2.Tc34_DisableNotifications" name="testNotification" time="1.445"/>
</testsuite> <!-- com.WebDriverBasics.Capabilities_2.Tc34_DisableNotifications -->
