<?xml version="1.0" encoding="UTF-8"?>
<!-- Generated by org.testng.reporters.JUnitReportReporter -->
<testsuite hostname="Priyanka" failures="0" tests="1" name="com.WebDriverBasics.JavascriptExecutor_4.Tc42_ScrollDownUpPages" time="7.896" errors="0" timestamp="2026-04-05T15:56:55 IST" skipped="0">
  <testcase classname="com.WebDriverBasics.JavascriptExecutor_4.Tc42_ScrollDownUpPages" name="testScroll" time="7.896"/>
</testsuite> <!-- com.WebDriverBasics.JavascriptExecutor_4.Tc42_ScrollDownUpPages -->
