<?xml version="1.0" encoding="UTF-8"?>
<!-- Generated by org.testng.reporters.JUnitReportReporter -->
<testsuite hostname="Priyanka" failures="0" tests="4" name="com.TestNG.Basics1.Tc76_ExcludeTestusingparameter" time="0.008" errors="0" timestamp="2026-05-03T16:17:38 IST" skipped="1">
  <testcase classname="com.TestNG.Basics1.Tc76_ExcludeTestusingparameter" name="registerTest" time="0.003"/>
  <testcase classname="com.TestNG.Basics1.Tc76_ExcludeTestusingparameter" name="loginTest" time="0.003"/>
  <testcase classname="com.TestNG.Basics1.Tc76_ExcludeTestusingparameter" name="searchTest" time="0.002"/>
  <testcase classname="com.TestNG.Basics1.Tc76_ExcludeTestusingparameter" name="addToCartTest">
    <skipped/>
  </testcase> <!-- addToCartTest -->
</testsuite> <!-- com.TestNG.Basics1.Tc76_ExcludeTestusingparameter -->
